<?xml version="1.0" encoding="UTF-8"?>
<!-- Generated by org.testng.reporters.JUnitReportReporter -->
<testsuite hostname="DESKTOP-UTTSESA" failures="0" tests="3" name="com.speckyfox.TestCases.Login_Test_1" time="15.834" errors="0" timestamp="2021-11-13T19:21:36 IST" skipped="0">
  <testcase classname="com.speckyfox.TestCases.Login_Test_1" name="LoginGmail" time="11.523"/>
  <system-out/>
  <testcase classname="com.speckyfox.TestCases.Login_Test_1" name="composeTest" time="3.694"/>
  <system-out/>
  <testcase classname="com.speckyfox.TestCases.Login_Test_1" name="verifyMail" time="0.617"/>
  <system-out/>
</testsuite> <!-- com.speckyfox.TestCases.Login_Test_1 -->
