<?xml version="1.0" encoding="UTF-8"?>
<!-- Generated by org.testng.reporters.JUnitReportReporter -->
<testsuite hostname="DESKTOP-UTTSESA" failures="0" tests="2" name="com.speckyfox.TestCases.TC_2_Move_Messages" time="21.596" errors="0" timestamp="2021-11-13T19:21:36 IST" skipped="0">
  <testcase classname="com.speckyfox.TestCases.TC_2_Move_Messages" name="selectVerifyStar" time="15.962"/>
  <system-out/>
  <testcase classname="com.speckyfox.TestCases.TC_2_Move_Messages" name="verifyMovedMessage" time="5.634"/>
  <system-out/>
</testsuite> <!-- com.speckyfox.TestCases.TC_2_Move_Messages -->
